

Started GET "/" for 127.0.0.1 at 2017-12-25 21:05:06 -0500

ActiveRecord::PendingMigrationError (

Migrations are pending. To resolve this issue, run:

	bin/rake db:migrate RAILS_ENV=development

):
  activerecord (4.1.0) lib/active_record/migration.rb:389:in `check_pending!'
  activerecord (4.1.0) lib/active_record/migration.rb:377:in `call'
  actionpack (4.1.0) lib/action_dispatch/middleware/callbacks.rb:29:in `block in call'
  activesupport (4.1.0) lib/active_support/callbacks.rb:82:in `run_callbacks'
  actionpack (4.1.0) lib/action_dispatch/middleware/callbacks.rb:27:in `call'
  actionpack (4.1.0) lib/action_dispatch/middleware/reloader.rb:73:in `call'
  actionpack (4.1.0) lib/action_dispatch/middleware/remote_ip.rb:76:in `call'
  web-console (2.0.0) lib/action_dispatch/debug_exceptions.rb:18:in `middleware_call'
  web-console (2.0.0) lib/action_dispatch/debug_exceptions.rb:13:in `call'
  actionpack (4.1.0) lib/action_dispatch/middleware/show_exceptions.rb:30:in `call'
  railties (4.1.0) lib/rails/rack/logger.rb:38:in `call_app'
  railties (4.1.0) lib/rails/rack/logger.rb:20:in `block in call'
  activesupport (4.1.0) lib/active_support/tagged_logging.rb:68:in `block in tagged'
  activesupport (4.1.0) lib/active_support/tagged_logging.rb:26:in `tagged'
  activesupport (4.1.0) lib/active_support/tagged_logging.rb:68:in `tagged'
  railties (4.1.0) lib/rails/rack/logger.rb:20:in `call'
  actionpack (4.1.0) lib/action_dispatch/middleware/request_id.rb:21:in `call'
  rack (1.5.5) lib/rack/methodoverride.rb:21:in `call'
  rack (1.5.5) lib/rack/runtime.rb:17:in `call'
  activesupport (4.1.0) lib/active_support/cache/strategy/local_cache_middleware.rb:26:in `call'
  rack (1.5.5) lib/rack/lock.rb:17:in `call'
  actionpack (4.1.0) lib/action_dispatch/middleware/static.rb:64:in `call'
  rack (1.5.5) lib/rack/sendfile.rb:112:in `call'
  railties (4.1.0) lib/rails/engine.rb:514:in `call'
  railties (4.1.0) lib/rails/application.rb:144:in `call'
  rack (1.5.5) lib/rack/lock.rb:17:in `call'
  rack (1.5.5) lib/rack/content_length.rb:14:in `call'
  rack (1.5.5) lib/rack/handler/webrick.rb:60:in `service'
  /home/Vaughn/.rbenv/versions/2.3.4/lib/ruby/2.3.0/webrick/httpserver.rb:140:in `service'
  /home/Vaughn/.rbenv/versions/2.3.4/lib/ruby/2.3.0/webrick/httpserver.rb:96:in `run'
  /home/Vaughn/.rbenv/versions/2.3.4/lib/ruby/2.3.0/webrick/server.rb:296:in `block in start_thread'


  Rendered /home/Vaughn/.rbenv/versions/2.3.4/lib/ruby/gems/2.3.0/gems/web-console-2.0.0/lib/action_dispatch/templates/rescues/_source.erb (4.5ms)
  Rendered /home/Vaughn/.rbenv/versions/2.3.4/lib/ruby/gems/2.3.0/gems/web-console-2.0.0/lib/action_dispatch/templates/rescues/_trace.html.erb (3.4ms)
  Rendered /home/Vaughn/.rbenv/versions/2.3.4/lib/ruby/gems/2.3.0/gems/web-console-2.0.0/lib/action_dispatch/templates/rescues/_request_and_response.html.erb (0.9ms)
  Rendered /home/Vaughn/.rbenv/versions/2.3.4/lib/ruby/gems/2.3.0/gems/web-console-2.0.0/lib/action_dispatch/templates/rescues/_web_console.html.erb (1.2ms)
  Rendered /home/Vaughn/.rbenv/versions/2.3.4/lib/ruby/gems/2.3.0/gems/web-console-2.0.0/lib/action_dispatch/templates/rescues/diagnostics.html.erb within rescues/layout (68.8ms)
  [1m[36m (25.4ms)[0m  [1mCREATE TABLE "schema_migrations" ("version" varchar(255) NOT NULL) [0m
  [1m[35m (0.1ms)[0m  select sqlite_version(*)
  [1m[36m (21.6ms)[0m  [1mCREATE UNIQUE INDEX "unique_schema_migrations" ON "schema_migrations" ("version")[0m
  [1m[35mActiveRecord::SchemaMigration Load (0.2ms)[0m  SELECT "schema_migrations".* FROM "schema_migrations"
Migrating to CreateContacts (20171219010422)
  [1m[36m (0.1ms)[0m  [1mbegin transaction[0m
  [1m[35m (1.7ms)[0m  CREATE TABLE "contacts" ("id" INTEGER PRIMARY KEY AUTOINCREMENT NOT NULL, "name" varchar(255), "email" varchar(255), "comments" text, "created_at" datetime, "updated_at" datetime) 
  [1m[36mSQL (0.3ms)[0m  [1mINSERT INTO "schema_migrations" ("version") VALUES (?)[0m  [["version", "20171219010422"]]
  [1m[35m (21.3ms)[0m  commit transaction
  [1m[36mActiveRecord::SchemaMigration Load (0.2ms)[0m  [1mSELECT "schema_migrations".* FROM "schema_migrations"[0m


Started GET "/" for 127.0.0.1 at 2017-12-25 21:06:31 -0500
  [1m[36mActiveRecord::SchemaMigration Load (0.3ms)[0m  [1mSELECT "schema_migrations".* FROM "schema_migrations"[0m
Processing by PagesController#home as HTML
  Rendered pages/home.html.erb within layouts/application (4.6ms)
Completed 200 OK in 5739ms (Views: 5724.8ms | ActiveRecord: 0.0ms)


Started GET "/assets/custom-42f94f48584dec5ae6467d64e1b0f8e8.css?body=1" for 127.0.0.1 at 2017-12-25 21:06:37 -0500


Started GET "/assets/pages-539b1b2d248fcacaf845c897cae976a6.css?body=1" for 127.0.0.1 at 2017-12-25 21:06:37 -0500


Started GET "/assets/jquery-ea5fcc383f1c3ba0951dc18cd0671f8c.js?body=1" for 127.0.0.1 at 2017-12-25 21:06:37 -0500


Started GET "/assets/application-bc4a63e01de2853348b11e20ad6f0969.css?body=1" for 127.0.0.1 at 2017-12-25 21:06:37 -0500


Started GET "/assets/jquery_ujs-f0a443983bc68ad1dbbc158b4a5ed6e3.js?body=1" for 127.0.0.1 at 2017-12-25 21:06:37 -0500


Started GET "/assets/bootstrap/affix-2a74a7ec7908cd81ca59dbaa97757ef4.js?body=1" for 127.0.0.1 at 2017-12-25 21:06:37 -0500


Started GET "/assets/bootstrap/alert-00bd3f8ecf4a53069e25614e3e0eee34.js?body=1" for 127.0.0.1 at 2017-12-25 21:06:37 -0500


Started GET "/assets/bootstrap/button-dcc9e3d9165bfdd6cf640a334c3d8408.js?body=1" for 127.0.0.1 at 2017-12-25 21:06:37 -0500


Started GET "/assets/bootstrap/carousel-2be1caf7ab918c6708868bd6f034e953.js?body=1" for 127.0.0.1 at 2017-12-25 21:06:37 -0500


Started GET "/assets/bootstrap/collapse-d8581f8d8518eb9db59fca81283518c5.js?body=1" for 127.0.0.1 at 2017-12-25 21:06:37 -0500


Started GET "/assets/bootstrap/dropdown-8aa79921d89cf32ac638755056a6d972.js?body=1" for 127.0.0.1 at 2017-12-25 21:06:37 -0500


Started GET "/assets/bootstrap/tab-7bbcbd30ceafc05ab7632c29e0fa0128.js?body=1" for 127.0.0.1 at 2017-12-25 21:06:37 -0500


Started GET "/assets/bootstrap/transition-ee2e27374bfa0ef68de92ca2009802b9.js?body=1" for 127.0.0.1 at 2017-12-25 21:06:37 -0500


Started GET "/assets/bootstrap/scrollspy-af69a334c818cc2cf479bf475f26f127.js?body=1" for 127.0.0.1 at 2017-12-25 21:06:37 -0500


Started GET "/assets/bootstrap/modal-1205dcf4cfaef17c06335fd5507c62b8.js?body=1" for 127.0.0.1 at 2017-12-25 21:06:37 -0500


Started GET "/assets/bootstrap/tooltip-f49576b0a43334eeb8043f15dabe6b48.js?body=1" for 127.0.0.1 at 2017-12-25 21:06:38 -0500


Started GET "/assets/bootstrap/popover-6802e813b490dbf437095d2e4794c10a.js?body=1" for 127.0.0.1 at 2017-12-25 21:06:38 -0500


Started GET "/assets/bootstrap-sprockets-6c877f5a0fa45e79de4247e7a7cce868.js?body=1" for 127.0.0.1 at 2017-12-25 21:06:38 -0500


Started GET "/assets/turbolinks-ed0b02fb503803234719b1ec01b9a090.js?body=1" for 127.0.0.1 at 2017-12-25 21:06:38 -0500


Started GET "/assets/pages-f6c6ef02137813db1b2df8e2c31983a1.js?body=1" for 127.0.0.1 at 2017-12-25 21:06:38 -0500


Started GET "/assets/application-0360df48ae7f7b1efe197fc88efffca9.js?body=1" for 127.0.0.1 at 2017-12-25 21:06:38 -0500


Started GET "/assets/font-awesome/fontawesome-webfont-af9c038f8ceffabf5e6e17d064c2b71e.woff" for 127.0.0.1 at 2017-12-25 21:06:38 -0500


Started GET "/contacts/new" for 127.0.0.1 at 2017-12-25 21:06:41 -0500
Processing by ContactsController#new as HTML
  Rendered contacts/new.html.erb within layouts/application (59.7ms)
Completed 200 OK in 255ms (Views: 247.6ms | ActiveRecord: 1.0ms)


Started GET "/about" for 127.0.0.1 at 2017-12-25 21:06:43 -0500
Processing by PagesController#about as HTML
  Rendered pages/about.html.erb within layouts/application (0.4ms)
Completed 200 OK in 215ms (Views: 211.7ms | ActiveRecord: 0.0ms)


Started GET "/" for 127.0.0.1 at 2017-12-25 21:06:45 -0500
Processing by PagesController#home as HTML
  Rendered pages/home.html.erb within layouts/application (0.1ms)
Completed 200 OK in 210ms (Views: 208.3ms | ActiveRecord: 0.0ms)


Started GET "/" for 127.0.0.1 at 2017-12-25 21:06:51 -0500
Processing by PagesController#home as HTML
  Rendered pages/home.html.erb within layouts/application (0.0ms)
Completed 200 OK in 228ms (Views: 227.5ms | ActiveRecord: 0.0ms)


Started GET "/contacts/new" for 127.0.0.1 at 2017-12-25 21:06:52 -0500
Processing by ContactsController#new as HTML
  Rendered contacts/new.html.erb within layouts/application (7.9ms)
Completed 200 OK in 228ms (Views: 226.3ms | ActiveRecord: 0.0ms)


Started GET "/about" for 127.0.0.1 at 2017-12-25 21:06:53 -0500
Processing by PagesController#about as HTML
  Rendered pages/about.html.erb within layouts/application (0.1ms)
Completed 200 OK in 195ms (Views: 194.4ms | ActiveRecord: 0.0ms)
